-- Found ament_cmake: 2.5.4 (/opt/ros/jazzy/share/ament_cmake/cmake)
-- Found rclcpp: 28.1.13 (/opt/ros/jazzy/share/rclcpp/cmake)
-- Found rosidl_generator_c: 4.6.6 (/opt/ros/jazzy/share/rosidl_generator_c/cmake)
-- Found rosidl_generator_cpp: 4.6.6 (/opt/ros/jazzy/share/rosidl_generator_cpp/cmake)
-- Using all available rosidl_typesupport_c: rosidl_typesupport_fastrtps_c;rosidl_typesupport_introspection_c
-- Using all available rosidl_typesupport_cpp: rosidl_typesupport_fastrtps_cpp;rosidl_typesupport_introspection_cpp
-- Found rmw_implementation_cmake: 7.3.2 (/opt/ros/jazzy/share/rmw_implementation_cmake/cmake)
-- Found rmw_fastrtps_cpp: 8.4.3 (/opt/ros/jazzy/share/rmw_fastrtps_cpp/cmake)
-- Using RMW implementation 'rmw_fastrtps_cpp' as default
-- Found cg_interfaces: 0.0.0 (/home/inteli/Documentos/culling_games/install/cg_interfaces/share/cg_interfaces/cmake)
-- Found ament_lint_auto: 0.17.3 (/opt/ros/jazzy/share/ament_lint_auto/cmake)
-- Added test 'cppcheck' to perform static code analysis on C / C++ code
-- Configured cppcheck include dirs: 
-- Configured cppcheck exclude dirs and/or files: 
-- Added test 'lint_cmake' to check CMake code style
-- Added test 'uncrustify' to check C / C++ code style
-- Configured uncrustify additional arguments: 
-- Added test 'xmllint' to check XML markup files
-- Configuring done (1.0s)
-- Generating done (0.0s)
[33mCMake Warning:
  Manually-specified variables were not used by the project:

    CATKIN_INSTALL_INTO_PREFIX_ROOT

[0m
-- Build files have been written to: /home/inteli/Documentos/culling_games/build/cg_solver
[ 50%] [32mBuilding CXX object CMakeFiles/maze_solver.dir/src/solver.cpp.o[0m
[01m[K/home/inteli/Documentos/culling_games/src/cg_solver/src/solver.cpp:[m[K In member function â€˜[01m[Kvoid MazeSolverNode::[01;32m[Ksolve_once[m[K()[m[Kâ€™:
[01m[K/home/inteli/Documentos/culling_games/src/cg_solver/src/solver.cpp:62:28:[m[K [01;31m[Kerror: [m[Kâ€˜[01m[Kusing std::__shared_ptr_access<cg_interfaces::srv::GetMap_Response_<std::allocator<void> >, __gnu_cxx::_S_atomic, false, false>::element_type = struct cg_interfaces::srv::GetMap_Response_<std::allocator<void> >[m[Kâ€™ {aka â€˜[01m[Kstruct cg_interfaces::srv::GetMap_Response_<std::allocator<void> >[m[Kâ€™} has no member named â€˜[01m[Kwidth[m[Kâ€™
   62 |     int width  = response->[01;31m[Kwidth[m[K;
      |                            [01;31m[K^~~~~[m[K
[01m[K/home/inteli/Documentos/culling_games/src/cg_solver/src/solver.cpp:63:28:[m[K [01;31m[Kerror: [m[Kâ€˜[01m[Kusing std::__shared_ptr_access<cg_interfaces::srv::GetMap_Response_<std::allocator<void> >, __gnu_cxx::_S_atomic, false, false>::element_type = struct cg_interfaces::srv::GetMap_Response_<std::allocator<void> >[m[Kâ€™ {aka â€˜[01m[Kstruct cg_interfaces::srv::GetMap_Response_<std::allocator<void> >[m[Kâ€™} has no member named â€˜[01m[Kheight[m[Kâ€™
   63 |     int height = response->[01;31m[Kheight[m[K;
      |                            [01;31m[K^~~~~~[m[K
[01m[K/home/inteli/Documentos/culling_games/src/cg_solver/src/solver.cpp:64:35:[m[K [01;31m[Kerror: [m[Kâ€˜[01m[Kusing std::__shared_ptr_access<cg_interfaces::srv::GetMap_Response_<std::allocator<void> >, __gnu_cxx::_S_atomic, false, false>::element_type = struct cg_interfaces::srv::GetMap_Response_<std::allocator<void> >[m[Kâ€™ {aka â€˜[01m[Kstruct cg_interfaces::srv::GetMap_Response_<std::allocator<void> >[m[Kâ€™} has no member named â€˜[01m[Kdata[m[Kâ€™
   64 |     const auto & flat = response->[01;31m[Kdata[m[K;  // por ex: std::vector<int8_t>
      |                                   [01;31m[K^~~~[m[K
gmake[2]: *** [CMakeFiles/maze_solver.dir/build.make:76: CMakeFiles/maze_solver.dir/src/solver.cpp.o] Erro 1
gmake[1]: *** [CMakeFiles/Makefile2:137: CMakeFiles/maze_solver.dir/all] Erro 2
gmake: *** [Makefile:146: all] Erro 2
