[ 50%] Built target maze_solver
[ 75%] [32mBuilding CXX object CMakeFiles/mapear.dir/src/mapear.cpp.o[0m
[01m[K/home/inteli/Documentos/culling_games/src/cg_solver/src/mapear.cpp:158:44:[m[K [01;31m[Kerror: [m[Kâ€˜[01m[KRobot_sensors[m[Kâ€™ is not a member of â€˜[01m[Kcg_interfaces::msg[m[Kâ€™; did you mean â€˜[01m[KRobotSensors[m[Kâ€™?
  158 |   rclcpp::Subscription<cg_interfaces::msg::[01;31m[KRobot_sensors[m[K>::SharedPtr sensor_sub_;
      |                                            [01;31m[K^~~~~~~~~~~~~[m[K
      |                                            [32m[KRobotSensors[m[K
[01m[K/home/inteli/Documentos/culling_games/src/cg_solver/src/mapear.cpp:158:57:[m[K [01;31m[Kerror: [m[Ktemplate argument 1 is invalid
  158 |   rclcpp::Subscription<cg_interfaces::msg::Robot_sensors[01;31m[K>[m[K::SharedPtr sensor_sub_;
      |                                                         [01;31m[K^[m[K
[01m[K/home/inteli/Documentos/culling_games/src/cg_solver/src/mapear.cpp:158:57:[m[K [01;31m[Kerror: [m[Ktemplate argument 3 is invalid
[01m[K/home/inteli/Documentos/culling_games/src/cg_solver/src/mapear.cpp:158:57:[m[K [01;31m[Kerror: [m[Ktemplate argument 4 is invalid
[01m[K/home/inteli/Documentos/culling_games/src/cg_solver/src/mapear.cpp:158:57:[m[K [01;31m[Kerror: [m[Ktemplate argument 5 is invalid
[01m[K/home/inteli/Documentos/culling_games/src/cg_solver/src/mapear.cpp:158:60:[m[K [01;31m[Kerror: [m[Kexpected â€˜[01m[K;[m[Kâ€™ at end of member declaration
  158 |   rclcpp::Subscription<cg_interfaces::msg::Robot_sensors>::[01;31m[KSharedPtr[m[K sensor_sub_;
      |                                                            [01;31m[K^~~~~~~~~[m[K
      |                                                                     [32m[K;[m[K
[01m[K/home/inteli/Documentos/culling_games/src/cg_solver/src/mapear.cpp:158:70:[m[K [01;31m[Kerror: [m[Kâ€˜[01m[Ksensor_sub_[m[Kâ€™ does not name a type
  158 |   rclcpp::Subscription<cg_interfaces::msg::Robot_sensors>::SharedPtr [01;31m[Ksensor_sub_[m[K;
      |                                                                      [01;31m[K^~~~~~~~~~~[m[K
[01m[K/home/inteli/Documentos/culling_games/src/cg_solver/src/mapear.cpp:[m[K In constructor â€˜[01m[KMapearNode::[01;32m[KMapearNode[m[K()[m[Kâ€™:
[01m[K/home/inteli/Documentos/culling_games/src/cg_solver/src/mapear.cpp:140:5:[m[K [01;31m[Kerror: [m[Kâ€˜[01m[Ksensor_sub_[m[Kâ€™ was not declared in this scope
  140 |     [01;31m[Ksensor_sub_[m[K = this->create_subscription<cg_interfaces::msg::RobotSensors>(
      |     [01;31m[K^~~~~~~~~~~[m[K
gmake[2]: *** [CMakeFiles/mapear.dir/build.make:76: CMakeFiles/mapear.dir/src/mapear.cpp.o] Error 1
gmake[1]: *** [CMakeFiles/Makefile2:165: CMakeFiles/mapear.dir/all] Error 2
gmake: *** [Makefile:146: all] Error 2
